
Showing logs for build [32mcb-kubecd-environment-pr-209-49-fjwjg-1[0m stage [32mfrom-build-pack[0m and container [32mstep-credential-initializer-b28pl[0m
{"level":"info","ts":1587825936.6388278,"logger":"fallback-logger","caller":"logging/config.go:69","msg":"Fetch GitHub commit ID from kodata failed: open /var/run/ko/refs/heads/0.8.0-ns-support: no such file or directory"}
{"level":"info","ts":1587825936.6397424,"logger":"fallback-logger","caller":"creds-init/main.go:40","msg":"Credentials initialized."}

Showing logs for build [32mcb-kubecd-environment-pr-209-49-fjwjg-1[0m stage [32mfrom-build-pack[0m and container [32mstep-working-dir-initializer-q7g5f[0m
{"level":"info","ts":1587825938.0418286,"logger":"fallback-logger","caller":"logging/config.go:69","msg":"Fetch GitHub commit ID from kodata failed: open /var/run/ko/HEAD: no such file or directory"}
{"level":"info","ts":1587825938.0448585,"logger":"fallback-logger","caller":"bash/main.go:64","msg":"Successfully executed command \"sh -c mkdir -p /workspace/source\"; output "}

Showing logs for build [32mcb-kubecd-environment-pr-209-49-fjwjg-1[0m stage [32mfrom-build-pack[0m and container [32mstep-place-tools[0m

Showing logs for build [32mcb-kubecd-environment-pr-209-49-fjwjg-1[0m stage [32mfrom-build-pack[0m and container [32mstep-git-source-cb-kubecd-environment-pr-209-49-fjwjg-rffg5[0m
{"level":"info","ts":1587825942.1533747,"logger":"fallback-logger","caller":"logging/config.go:69","msg":"Fetch GitHub commit ID from kodata failed: open /var/run/ko/refs/heads/0.8.0-ns-support: no such file or directory"}
{"level":"info","ts":1587825943.198073,"logger":"fallback-logger","caller":"git/git.go:103","msg":"Successfully cloned https://github.com/cb-kubecd/environment-pr-209-49-boot-gke-production.git @ master in path /workspace/source"}

Showing logs for build [32mcb-kubecd-environment-pr-209-49-fjwjg-1[0m stage [32mfrom-build-pack[0m and container [32mstep-git-merge[0m
Using SHAs from PULL_REFS=master:e8ce6b08b33dea1e607f1c7bd0aa564cb23101ab,1:8662bc2317de20952ab2601cf98a5b34d9a18bec
DEBUG: LC_ALL=C JX_LOG_LEVEL=error git fetch origin --unshallow 8662bc2317de20952ab2601cf98a5b34d9a18bec: e8ce6b08b33dea1e607f1c7bd0aa564cb23101ab:
DEBUG: ran git fetch --unshallow origin 8662bc2317de20952ab2601cf98a5b34d9a18bec: e8ce6b08b33dea1e607f1c7bd0aa564cb23101ab: in 
DEBUG: LC_ALL=C JX_LOG_LEVEL=error git branch
DEBUG: JX_LOG_LEVEL=error LC_ALL=C git checkout master
DEBUG: ran git checkout master in 
DEBUG: LC_ALL=C JX_LOG_LEVEL=error git reset --hard e8ce6b08b33dea1e607f1c7bd0aa564cb23101ab
DEBUG: ran git reset --hard e8ce6b08b33dea1e607f1c7bd0aa564cb23101ab in 
DEBUG: LC_ALL=C JX_LOG_LEVEL=error git clean -fd .
DEBUG: ran clean --force -d . in 
DEBUG: JX_LOG_LEVEL=error LC_ALL=C git merge 8662bc2317de20952ab2601cf98a5b34d9a18bec
DEBUG: ran git merge 8662bc2317de20952ab2601cf98a5b34d9a18bec in 
DEBUG: JX_LOG_LEVEL=error LC_ALL=C git log --format=%H%x1f%an%x1f%ae%x1f%cn%x1f%ce%x1f%s%n%b%x1e e8ce6b08b33dea1e607f1c7bd0aa564cb23101ab..HEAD
Merged SHA 8662bc2317de20952ab2601cf98a5b34d9a18bec with commit message 'chore: Promote bdd-spring-1587825033 to version 0.0.1' into base branch master

Showing logs for build [32mcb-kubecd-environment-pr-209-49-fjwjg-1[0m stage [32mfrom-build-pack[0m and container [32mstep-build-helm-build[0m
WARNING: No $CHART_REPOSITORY defined so using the default value of: http://jenkins-x-chartmuseum:8080
Adding missing Helm repo: storage.googleapis.com https://storage.googleapis.com/chartmuseum.jenkins-x.io
WARNING: No secrets found on "helm/repos" due: reading the secret "helm/repos" from vault: no secret "helm/repos" not found in vault
Read credentials for https://storage.googleapis.com/chartmuseum.jenkins-x.io from vault helm/repos
Successfully added Helm repository storage.googleapis.com.
Adding missing Helm repo: jenkins-x-chartmuseum http://jenkins-x-chartmuseum:8080
WARNING: No secrets found on "helm/repos" due: reading the secret "helm/repos" from vault: no secret "helm/repos" not found in vault
Read credentials for http://jenkins-x-chartmuseum:8080 from vault helm/repos
Successfully added Helm repository jenkins-x-chartmuseum.
WARNING: No $CHART_REPOSITORY defined so using the default value of: http://jenkins-x-chartmuseum:8080
Adding missing Helm repo: chartmuseum.jenkins-x.io http://chartmuseum.jenkins-x.io
WARNING: No secrets found on "helm/repos" due: reading the secret "helm/repos" from vault: no secret "helm/repos" not found in vault
Read credentials for http://chartmuseum.jenkins-x.io from vault helm/repos
Successfully added Helm repository chartmuseum.jenkins-x.io.
